<?xml version="1.0" encoding="UTF-8"?>
<coverage generated="1653228678013" clover="3.2.0">
  <project timestamp="1653228678013" name="All files">
    <metrics statements="90" coveredstatements="81" conditionals="20" coveredconditionals="13" methods="38" coveredmethods="33" elements="148" coveredelements="127" complexity="0" loc="90" ncloc="90" packages="8" files="13" classes="13"/>
    <package name="HackerNews">
      <metrics statements="5" coveredstatements="5" conditionals="4" coveredconditionals="2" methods="1" coveredmethods="1"/>
      <file name="App.tsx" path="/Users/ooiyongtat/Documents/propGuruTest/HackerNews/App.tsx">
        <metrics statements="5" coveredstatements="5" conditionals="4" coveredconditionals="2" methods="1" coveredmethods="1"/>
        <line num="23" count="1" type="stmt"/>
        <line num="24" count="1" type="stmt"/>
        <line num="26" count="1" type="stmt"/>
        <line num="30" count="1" type="stmt"/>
        <line num="41" count="1" type="stmt"/>
      </file>
    </package>
    <package name="HackerNews.src.component">
      <metrics statements="2" coveredstatements="2" conditionals="0" coveredconditionals="0" methods="2" coveredmethods="2"/>
      <file name="Divider.tsx" path="/Users/ooiyongtat/Documents/propGuruTest/HackerNews/src/component/Divider.tsx">
        <metrics statements="1" coveredstatements="1" conditionals="0" coveredconditionals="0" methods="1" coveredmethods="1"/>
        <line num="5" count="27" type="stmt"/>
      </file>
      <file name="Header.tsx" path="/Users/ooiyongtat/Documents/propGuruTest/HackerNews/src/component/Header.tsx">
        <metrics statements="1" coveredstatements="1" conditionals="0" coveredconditionals="0" methods="1" coveredmethods="1"/>
        <line num="7" count="3" type="stmt"/>
      </file>
    </package>
    <package name="HackerNews.src.component.story">
      <metrics statements="17" coveredstatements="14" conditionals="14" coveredconditionals="10" methods="5" coveredmethods="3"/>
      <file name="StoryLoadingView.tsx" path="/Users/ooiyongtat/Documents/propGuruTest/HackerNews/src/component/story/StoryLoadingView.tsx">
        <metrics statements="1" coveredstatements="1" conditionals="0" coveredconditionals="0" methods="1" coveredmethods="1"/>
        <line num="9" count="24" type="stmt"/>
      </file>
      <file name="TopStoryView.tsx" path="/Users/ooiyongtat/Documents/propGuruTest/HackerNews/src/component/story/TopStoryView.tsx">
        <metrics statements="16" coveredstatements="13" conditionals="14" coveredconditionals="10" methods="4" coveredmethods="2"/>
        <line num="15" count="27" type="cond" truecount="2" falsecount="0"/>
        <line num="16" count="24" type="stmt"/>
        <line num="19" count="3" type="stmt"/>
        <line num="20" count="3" type="cond" truecount="1" falsecount="1"/>
        <line num="21" count="0" type="stmt"/>
        <line num="23" count="3" type="stmt"/>
        <line num="27" count="3" type="cond" truecount="2" falsecount="0"/>
        <line num="28" count="1" type="stmt"/>
        <line num="29" count="1" type="stmt"/>
        <line num="33" count="0" type="stmt"/>
        <line num="50" count="2" type="cond" truecount="2" falsecount="0"/>
        <line num="51" count="1" type="stmt"/>
        <line num="52" count="1" type="stmt"/>
        <line num="56" count="0" type="stmt"/>
        <line num="70" count="1" type="stmt"/>
        <line num="71" count="1" type="stmt"/>
      </file>
    </package>
    <package name="HackerNews.src.constant">
      <metrics statements="0" coveredstatements="0" conditionals="0" coveredconditionals="0" methods="0" coveredmethods="0"/>
      <file name="setting.constant.ts" path="/Users/ooiyongtat/Documents/propGuruTest/HackerNews/src/constant/setting.constant.ts">
        <metrics statements="0" coveredstatements="0" conditionals="0" coveredconditionals="0" methods="0" coveredmethods="0"/>
      </file>
      <file name="url.constant.ts" path="/Users/ooiyongtat/Documents/propGuruTest/HackerNews/src/constant/url.constant.ts">
        <metrics statements="0" coveredstatements="0" conditionals="0" coveredconditionals="0" methods="0" coveredmethods="0"/>
      </file>
    </package>
    <package name="HackerNews.src.interface">
      <metrics statements="0" coveredstatements="0" conditionals="0" coveredconditionals="0" methods="0" coveredmethods="0"/>
      <file name="base.ts" path="/Users/ooiyongtat/Documents/propGuruTest/HackerNews/src/interface/base.ts">
        <metrics statements="0" coveredstatements="0" conditionals="0" coveredconditionals="0" methods="0" coveredmethods="0"/>
      </file>
    </package>
    <package name="HackerNews.src.redux">
      <metrics statements="18" coveredstatements="16" conditionals="2" coveredconditionals="1" methods="7" coveredmethods="7"/>
      <file name="homeReducer.ts" path="/Users/ooiyongtat/Documents/propGuruTest/HackerNews/src/redux/homeReducer.ts">
        <metrics statements="11" coveredstatements="9" conditionals="2" coveredconditionals="1" methods="5" coveredmethods="5"/>
        <line num="6" count="3" type="stmt"/>
        <line num="12" count="3" type="stmt"/>
        <line num="16" count="4" type="stmt"/>
        <line num="17" count="3" type="stmt"/>
        <line num="19" count="10" type="stmt"/>
        <line num="20" count="50" type="cond" truecount="1" falsecount="1"/>
        <line num="21" count="0" type="stmt"/>
        <line num="22" count="0" type="stmt"/>
        <line num="24" count="50" type="stmt"/>
        <line num="27" count="3" type="stmt"/>
        <line num="32" count="3" type="stmt"/>
      </file>
      <file name="store.ts" path="/Users/ooiyongtat/Documents/propGuruTest/HackerNews/src/redux/store.ts">
        <metrics statements="7" coveredstatements="7" conditionals="0" coveredconditionals="0" methods="2" coveredmethods="2"/>
        <line num="9" count="3" type="stmt"/>
        <line num="13" count="3" type="stmt"/>
        <line num="14" count="3" type="stmt"/>
        <line num="17" count="3" type="stmt"/>
        <line num="20" count="3" type="stmt"/>
        <line num="27" count="9" type="stmt"/>
        <line num="28" count="3" type="stmt"/>
      </file>
    </package>
    <package name="HackerNews.src.saga">
      <metrics statements="29" coveredstatements="27" conditionals="0" coveredconditionals="0" methods="11" coveredmethods="9"/>
      <file name="index.saga.ts" path="/Users/ooiyongtat/Documents/propGuruTest/HackerNews/src/saga/index.saga.ts">
        <metrics statements="1" coveredstatements="1" conditionals="0" coveredconditionals="0" methods="1" coveredmethods="1"/>
        <line num="4" count="3" type="stmt"/>
      </file>
      <file name="story.saga.ts" path="/Users/ooiyongtat/Documents/propGuruTest/HackerNews/src/saga/story.saga.ts">
        <metrics statements="28" coveredstatements="26" conditionals="0" coveredconditionals="0" methods="10" coveredmethods="8"/>
        <line num="9" count="3" type="stmt"/>
        <line num="10" count="3" type="stmt"/>
        <line num="15" count="4" type="stmt"/>
        <line num="16" count="4" type="stmt"/>
        <line num="18" count="4" type="stmt"/>
        <line num="19" count="4" type="stmt"/>
        <line num="20" count="4" type="stmt"/>
        <line num="21" count="14" type="stmt"/>
        <line num="24" count="4" type="stmt"/>
        <line num="25" count="4" type="stmt"/>
        <line num="26" count="4" type="stmt"/>
        <line num="27" count="14" type="stmt"/>
        <line num="30" count="0" type="stmt"/>
        <line num="36" count="15" type="stmt"/>
        <line num="37" count="15" type="stmt"/>
        <line num="39" count="11" type="stmt"/>
        <line num="46" count="1" type="stmt"/>
        <line num="47" count="1" type="stmt"/>
        <line num="48" count="1" type="stmt"/>
        <line num="50" count="1" type="stmt"/>
        <line num="51" count="1" type="stmt"/>
        <line num="52" count="1" type="stmt"/>
        <line num="53" count="0" type="stmt"/>
        <line num="55" count="1" type="stmt"/>
        <line num="56" count="1" type="stmt"/>
        <line num="57" count="1" type="stmt"/>
        <line num="66" count="3" type="stmt"/>
        <line num="67" count="3" type="stmt"/>
      </file>
    </package>
    <package name="HackerNews.src.screen">
      <metrics statements="19" coveredstatements="17" conditionals="0" coveredconditionals="0" methods="12" coveredmethods="11"/>
      <file name="HomeScreen.tsx" path="/Users/ooiyongtat/Documents/propGuruTest/HackerNews/src/screen/HomeScreen.tsx">
        <metrics statements="19" coveredstatements="17" conditionals="0" coveredconditionals="0" methods="12" coveredmethods="11"/>
        <line num="12" count="9" type="stmt"/>
        <line num="13" count="14" type="stmt"/>
        <line num="14" count="8" type="stmt"/>
        <line num="15" count="8" type="stmt"/>
        <line num="16" count="2" type="stmt"/>
        <line num="17" count="2" type="stmt"/>
        <line num="21" count="69" type="stmt"/>
        <line num="22" count="8" type="stmt"/>
        <line num="23" count="41" type="stmt"/>
        <line num="26" count="8" type="stmt"/>
        <line num="27" count="1" type="stmt"/>
        <line num="30" count="8" type="stmt"/>
        <line num="33" count="1" type="stmt"/>
        <line num="36" count="1" type="stmt"/>
        <line num="39" count="1" type="stmt"/>
        <line num="46" count="24" type="stmt"/>
        <line num="48" count="41" type="stmt"/>
        <line num="54" count="0" type="stmt"/>
        <line num="55" count="0" type="stmt"/>
      </file>
    </package>
  </project>
</coverage>
