{"/Users/ooiyongtat/Documents/propGuruTest/HackerNews/src/component/Divider.tsx": {"path":"/Users/ooiyongtat/Documents/propGuruTest/HackerNews/src/component/Divider.tsx","statementMap":{"0":{"start":{"line":5,"column":4},"end":{"line":11,"column":7}}},"fnMap":{"0":{"name":"Divider","decl":{"start":{"line":4,"column":24},"end":{"line":4,"column":31}},"loc":{"start":{"line":4,"column":34},"end":{"line":12,"column":1}},"line":4}},"branchMap":{},"s":{"0":27},"f":{"0":27},"b":{},"_coverageSchema":"1a1c01bbd47fc00a2c39e90264f33305004495a9","hash":"760bb2e438e8ba8334d352e92649abcd913fde22"}
,"/Users/ooiyongtat/Documents/propGuruTest/HackerNews/src/component/Header.tsx": {"path":"/Users/ooiyongtat/Documents/propGuruTest/HackerNews/src/component/Header.tsx","statementMap":{"0":{"start":{"line":7,"column":4},"end":{"line":10,"column":16}}},"fnMap":{"0":{"name":"Header","decl":{"start":{"line":4,"column":24},"end":{"line":4,"column":30}},"loc":{"start":{"line":6,"column":3},"end":{"line":11,"column":1}},"line":6}},"branchMap":{},"s":{"0":3},"f":{"0":3},"b":{},"_coverageSchema":"1a1c01bbd47fc00a2c39e90264f33305004495a9","hash":"f99b58ab0e69bc152df14239f30c0aed37c31475"}
,"/Users/ooiyongtat/Documents/propGuruTest/HackerNews/src/component/story/PostItem.tsx": {"path":"/Users/ooiyongtat/Documents/propGuruTest/HackerNews/src/component/story/PostItem.tsx","statementMap":{"0":{"start":{"line":12,"column":62},"end":{"line":12,"column":67}},"1":{"start":{"line":14,"column":4},"end":{"line":16,"column":5}},"2":{"start":{"line":15,"column":8},"end":{"line":15,"column":20}},"3":{"start":{"line":18,"column":4},"end":{"line":45,"column":12}},"4":{"start":{"line":23,"column":20},"end":{"line":23,"column":46}},"5":{"start":{"line":36,"column":20},"end":{"line":36,"column":45}}},"fnMap":{"0":{"name":"PostItem","decl":{"start":{"line":10,"column":24},"end":{"line":10,"column":32}},"loc":{"start":{"line":10,"column":244},"end":{"line":46,"column":1}},"line":10},"1":{"name":"(anonymous_1)","decl":{"start":{"line":22,"column":69},"end":{"line":22,"column":70}},"loc":{"start":{"line":22,"column":75},"end":{"line":24,"column":17}},"line":22},"2":{"name":"(anonymous_2)","decl":{"start":{"line":35,"column":72},"end":{"line":35,"column":73}},"loc":{"start":{"line":35,"column":78},"end":{"line":37,"column":17}},"line":35}},"branchMap":{"0":{"loc":{"start":{"line":14,"column":4},"end":{"line":16,"column":5}},"type":"if","locations":[{"start":{"line":14,"column":4},"end":{"line":16,"column":5}},{"start":{},"end":{}}],"line":14},"1":{"loc":{"start":{"line":21,"column":25},"end":{"line":21,"column":87}},"type":"binary-expr","locations":[{"start":{"line":21,"column":25},"end":{"line":21,"column":81}},{"start":{"line":21,"column":85},"end":{"line":21,"column":87}}],"line":21},"2":{"loc":{"start":{"line":22,"column":17},"end":{"line":26,"column":28}},"type":"binary-expr","locations":[{"start":{"line":22,"column":17},"end":{"line":22,"column":45}},{"start":{"line":22,"column":49},"end":{"line":26,"column":28}}],"line":22},"3":{"loc":{"start":{"line":35,"column":17},"end":{"line":42,"column":28}},"type":"binary-expr","locations":[{"start":{"line":35,"column":17},"end":{"line":35,"column":48}},{"start":{"line":35,"column":52},"end":{"line":42,"column":28}}],"line":35},"4":{"loc":{"start":{"line":40,"column":25},"end":{"line":40,"column":112}},"type":"binary-expr","locations":[{"start":{"line":40,"column":25},"end":{"line":40,"column":57}},{"start":{"line":40,"column":61},"end":{"line":40,"column":112}}],"line":40}},"s":{"0":3,"1":3,"2":0,"3":3,"4":0,"5":0},"f":{"0":3,"1":0,"2":0},"b":{"0":[0,3],"1":[3,0],"2":[3,2],"3":[3,3],"4":[3,2]},"_coverageSchema":"1a1c01bbd47fc00a2c39e90264f33305004495a9","hash":"7423a1d1a471af6626f0707a287be6d1cc68b42b"}
,"/Users/ooiyongtat/Documents/propGuruTest/HackerNews/src/component/story/StoryLoadingView.tsx": {"path":"/Users/ooiyongtat/Documents/propGuruTest/HackerNews/src/component/story/StoryLoadingView.tsx","statementMap":{"0":{"start":{"line":9,"column":4},"end":{"line":16,"column":8}}},"fnMap":{"0":{"name":"StoryLoadingView","decl":{"start":{"line":7,"column":16},"end":{"line":7,"column":32}},"loc":{"start":{"line":7,"column":35},"end":{"line":17,"column":1}},"line":7}},"branchMap":{},"s":{"0":24},"f":{"0":24},"b":{},"_coverageSchema":"1a1c01bbd47fc00a2c39e90264f33305004495a9","hash":"f3bd3e60037c6fb259cabe5beaf8044f15801453"}
,"/Users/ooiyongtat/Documents/propGuruTest/HackerNews/src/component/story/TopStoryView.tsx": {"path":"/Users/ooiyongtat/Documents/propGuruTest/HackerNews/src/component/story/TopStoryView.tsx","statementMap":{"0":{"start":{"line":14,"column":4},"end":{"line":16,"column":5}},"1":{"start":{"line":15,"column":8},"end":{"line":15,"column":35}},"2":{"start":{"line":20,"column":21},"end":{"line":26,"column":5}},"3":{"start":{"line":21,"column":8},"end":{"line":23,"column":9}},"4":{"start":{"line":22,"column":12},"end":{"line":22,"column":77}},"5":{"start":{"line":25,"column":8},"end":{"line":25,"column":20}},"6":{"start":{"line":27,"column":23},"end":{"line":27,"column":38}},"7":{"start":{"line":28,"column":4},"end":{"line":34,"column":8}},"8":{"start":{"line":30,"column":12},"end":{"line":30,"column":56}},"9":{"start":{"line":32,"column":12},"end":{"line":32,"column":58}}},"fnMap":{"0":{"name":"TopStoryView","decl":{"start":{"line":13,"column":16},"end":{"line":13,"column":28}},"loc":{"start":{"line":13,"column":89},"end":{"line":35,"column":1}},"line":13},"1":{"name":"(anonymous_1)","decl":{"start":{"line":20,"column":21},"end":{"line":20,"column":22}},"loc":{"start":{"line":20,"column":36},"end":{"line":26,"column":5}},"line":20},"2":{"name":"(anonymous_2)","decl":{"start":{"line":29,"column":52},"end":{"line":29,"column":53}},"loc":{"start":{"line":29,"column":61},"end":{"line":31,"column":9}},"line":29},"3":{"name":"(anonymous_3)","decl":{"start":{"line":31,"column":27},"end":{"line":31,"column":28}},"loc":{"start":{"line":31,"column":37},"end":{"line":33,"column":9}},"line":31}},"branchMap":{"0":{"loc":{"start":{"line":14,"column":4},"end":{"line":16,"column":5}},"type":"if","locations":[{"start":{"line":14,"column":4},"end":{"line":16,"column":5}},{"start":{},"end":{}}],"line":14},"1":{"loc":{"start":{"line":21,"column":8},"end":{"line":23,"column":9}},"type":"if","locations":[{"start":{"line":21,"column":8},"end":{"line":23,"column":9}},{"start":{},"end":{}}],"line":21}},"s":{"0":27,"1":24,"2":3,"3":3,"4":1,"5":2,"6":3,"7":3,"8":0,"9":0},"f":{"0":27,"1":3,"2":0,"3":0},"b":{"0":[24,3],"1":[1,2]},"_coverageSchema":"1a1c01bbd47fc00a2c39e90264f33305004495a9","hash":"1b1fe7eb3c2032a60619438fbb8ba7fbf3a6b5e2"}
,"/Users/ooiyongtat/Documents/propGuruTest/HackerNews/src/constant/setting.constant.ts": {"path":"/Users/ooiyongtat/Documents/propGuruTest/HackerNews/src/constant/setting.constant.ts","statementMap":{},"fnMap":{},"branchMap":{},"s":{},"f":{},"b":{},"_coverageSchema":"1a1c01bbd47fc00a2c39e90264f33305004495a9","hash":"6f2654141148504a2f4b6c0c307622ddd6f6d38e"}
,"/Users/ooiyongtat/Documents/propGuruTest/HackerNews/src/constant/url.constant.ts": {"path":"/Users/ooiyongtat/Documents/propGuruTest/HackerNews/src/constant/url.constant.ts","statementMap":{},"fnMap":{},"branchMap":{},"s":{},"f":{},"b":{},"_coverageSchema":"1a1c01bbd47fc00a2c39e90264f33305004495a9","hash":"37e5133ec377bc88d7146d2060f9caf9ebb3b0c0"}
,"/Users/ooiyongtat/Documents/propGuruTest/HackerNews/src/interface/base.ts": {"path":"/Users/ooiyongtat/Documents/propGuruTest/HackerNews/src/interface/base.ts","statementMap":{},"fnMap":{},"branchMap":{},"s":{},"f":{},"b":{},"_coverageSchema":"1a1c01bbd47fc00a2c39e90264f33305004495a9","hash":"ad8c079d2db54ddb65f40f13974c81fa7d81b902"}
,"/Users/ooiyongtat/Documents/propGuruTest/HackerNews/src/redux/detailReducer.ts": {"path":"/Users/ooiyongtat/Documents/propGuruTest/HackerNews/src/redux/detailReducer.ts","statementMap":{"0":{"start":{"line":10,"column":42},"end":{"line":13,"column":1}},"1":{"start":{"line":15,"column":16},"end":{"line":31,"column":2}},"2":{"start":{"line":19,"column":71},"end":{"line":19,"column":102}},"3":{"start":{"line":20,"column":73},"end":{"line":20,"column":110}},"4":{"start":{"line":22,"column":12},"end":{"line":28,"column":14}},"5":{"start":{"line":23,"column":16},"end":{"line":26,"column":17}},"6":{"start":{"line":24,"column":20},"end":{"line":24,"column":41}},"7":{"start":{"line":25,"column":20},"end":{"line":25,"column":50}},"8":{"start":{"line":27,"column":16},"end":{"line":27,"column":26}},"9":{"start":{"line":34,"column":53},"end":{"line":34,"column":68}}},"fnMap":{"0":{"name":"(anonymous_0)","decl":{"start":{"line":19,"column":24},"end":{"line":19,"column":25}},"loc":{"start":{"line":19,"column":69},"end":{"line":19,"column":104}},"line":19},"1":{"name":"(anonymous_1)","decl":{"start":{"line":20,"column":27},"end":{"line":20,"column":28}},"loc":{"start":{"line":20,"column":71},"end":{"line":20,"column":112}},"line":20},"2":{"name":"(anonymous_2)","decl":{"start":{"line":21,"column":27},"end":{"line":21,"column":28}},"loc":{"start":{"line":21,"column":88},"end":{"line":29,"column":9}},"line":21},"3":{"name":"(anonymous_3)","decl":{"start":{"line":22,"column":31},"end":{"line":22,"column":32}},"loc":{"start":{"line":22,"column":40},"end":{"line":28,"column":13}},"line":22}},"branchMap":{"0":{"loc":{"start":{"line":23,"column":16},"end":{"line":26,"column":17}},"type":"if","locations":[{"start":{"line":23,"column":16},"end":{"line":26,"column":17}},{"start":{},"end":{}}],"line":23}},"s":{"0":2,"1":2,"2":0,"3":0,"4":0,"5":0,"6":0,"7":0,"8":0,"9":2},"f":{"0":0,"1":0,"2":0,"3":0},"b":{"0":[0,0]},"_coverageSchema":"1a1c01bbd47fc00a2c39e90264f33305004495a9","hash":"e00a609d917e3f2a911910e875d772b7da5d962b"}
,"/Users/ooiyongtat/Documents/propGuruTest/HackerNews/src/redux/homeReducer.ts": {"path":"/Users/ooiyongtat/Documents/propGuruTest/HackerNews/src/redux/homeReducer.ts","statementMap":{"0":{"start":{"line":6,"column":39},"end":{"line":10,"column":1}},"1":{"start":{"line":12,"column":14},"end":{"line":44,"column":2}},"2":{"start":{"line":16,"column":72},"end":{"line":16,"column":104}},"3":{"start":{"line":17,"column":73},"end":{"line":17,"column":103}},"4":{"start":{"line":19,"column":12},"end":{"line":25,"column":14}},"5":{"start":{"line":20,"column":16},"end":{"line":23,"column":17}},"6":{"start":{"line":21,"column":20},"end":{"line":21,"column":41}},"7":{"start":{"line":22,"column":20},"end":{"line":22,"column":50}},"8":{"start":{"line":24,"column":16},"end":{"line":24,"column":26}},"9":{"start":{"line":29,"column":12},"end":{"line":40,"column":14}},"10":{"start":{"line":30,"column":16},"end":{"line":38,"column":17}},"11":{"start":{"line":33,"column":20},"end":{"line":37,"column":21}},"12":{"start":{"line":34,"column":24},"end":{"line":34,"column":83}},"13":{"start":{"line":36,"column":24},"end":{"line":36,"column":63}},"14":{"start":{"line":39,"column":16},"end":{"line":39,"column":26}},"15":{"start":{"line":42,"column":71},"end":{"line":42,"column":108}},"16":{"start":{"line":47,"column":109},"end":{"line":47,"column":122}}},"fnMap":{"0":{"name":"(anonymous_0)","decl":{"start":{"line":16,"column":27},"end":{"line":16,"column":28}},"loc":{"start":{"line":16,"column":70},"end":{"line":16,"column":106}},"line":16},"1":{"name":"(anonymous_1)","decl":{"start":{"line":17,"column":25},"end":{"line":17,"column":26}},"loc":{"start":{"line":17,"column":71},"end":{"line":17,"column":105}},"line":17},"2":{"name":"(anonymous_2)","decl":{"start":{"line":18,"column":27},"end":{"line":18,"column":28}},"loc":{"start":{"line":18,"column":86},"end":{"line":26,"column":9}},"line":18},"3":{"name":"(anonymous_3)","decl":{"start":{"line":19,"column":30},"end":{"line":19,"column":31}},"loc":{"start":{"line":19,"column":39},"end":{"line":25,"column":13}},"line":19},"4":{"name":"(anonymous_4)","decl":{"start":{"line":27,"column":27},"end":{"line":27,"column":28}},"loc":{"start":{"line":27,"column":106},"end":{"line":41,"column":9}},"line":27},"5":{"name":"(anonymous_5)","decl":{"start":{"line":29,"column":30},"end":{"line":29,"column":31}},"loc":{"start":{"line":29,"column":39},"end":{"line":40,"column":13}},"line":29},"6":{"name":"(anonymous_6)","decl":{"start":{"line":42,"column":25},"end":{"line":42,"column":26}},"loc":{"start":{"line":42,"column":69},"end":{"line":42,"column":110}},"line":42}},"branchMap":{"0":{"loc":{"start":{"line":20,"column":16},"end":{"line":23,"column":17}},"type":"if","locations":[{"start":{"line":20,"column":16},"end":{"line":23,"column":17}},{"start":{},"end":{}}],"line":20},"1":{"loc":{"start":{"line":30,"column":16},"end":{"line":38,"column":17}},"type":"if","locations":[{"start":{"line":30,"column":16},"end":{"line":38,"column":17}},{"start":{},"end":{}}],"line":30},"2":{"loc":{"start":{"line":33,"column":20},"end":{"line":37,"column":21}},"type":"if","locations":[{"start":{"line":33,"column":20},"end":{"line":37,"column":21}},{"start":{"line":35,"column":27},"end":{"line":37,"column":21}}],"line":33}},"s":{"0":2,"1":2,"2":4,"3":3,"4":10,"5":50,"6":0,"7":0,"8":50,"9":0,"10":0,"11":0,"12":0,"13":0,"14":0,"15":3,"16":2},"f":{"0":4,"1":3,"2":10,"3":50,"4":0,"5":0,"6":3},"b":{"0":[0,50],"1":[0,0],"2":[0,0]},"_coverageSchema":"1a1c01bbd47fc00a2c39e90264f33305004495a9","hash":"c336c9361e53758466be02934dba8450e365369c"}
,"/Users/ooiyongtat/Documents/propGuruTest/HackerNews/src/redux/store.ts": {"path":"/Users/ooiyongtat/Documents/propGuruTest/HackerNews/src/redux/store.ts","statementMap":{"0":{"start":{"line":10,"column":20},"end":{"line":13,"column":2}},"1":{"start":{"line":15,"column":23},"end":{"line":15,"column":45}},"2":{"start":{"line":16,"column":14},"end":{"line":21,"column":2}},"3":{"start":{"line":19,"column":8},"end":{"line":19,"column":53}},"4":{"start":{"line":22,"column":0},"end":{"line":22,"column":26}},"5":{"start":{"line":29,"column":30},"end":{"line":29,"column":62}},"6":{"start":{"line":29,"column":36},"end":{"line":29,"column":62}},"7":{"start":{"line":30,"column":63},"end":{"line":30,"column":74}}},"fnMap":{"0":{"name":"(anonymous_0)","decl":{"start":{"line":18,"column":16},"end":{"line":18,"column":17}},"loc":{"start":{"line":19,"column":8},"end":{"line":19,"column":53}},"line":19},"1":{"name":"(anonymous_1)","decl":{"start":{"line":29,"column":30},"end":{"line":29,"column":31}},"loc":{"start":{"line":29,"column":36},"end":{"line":29,"column":62}},"line":29}},"branchMap":{},"s":{"0":2,"1":2,"2":2,"3":2,"4":2,"5":2,"6":8,"7":2},"f":{"0":2,"1":8},"b":{},"_coverageSchema":"1a1c01bbd47fc00a2c39e90264f33305004495a9","hash":"2ba002c73c8aba415ac7ce34e640713ed0b30dd1"}
,"/Users/ooiyongtat/Documents/propGuruTest/HackerNews/src/saga/details.saga.ts": {"path":"/Users/ooiyongtat/Documents/propGuruTest/HackerNews/src/saga/details.saga.ts","statementMap":{"0":{"start":{"line":11,"column":30},"end":{"line":11,"column":72}},"1":{"start":{"line":12,"column":30},"end":{"line":12,"column":73}},"2":{"start":{"line":18,"column":4},"end":{"line":40,"column":5}},"3":{"start":{"line":20,"column":8},"end":{"line":36,"column":9}},"4":{"start":{"line":21,"column":32},"end":{"line":21,"column":47}},"5":{"start":{"line":22,"column":29},"end":{"line":22,"column":85}},"6":{"start":{"line":23,"column":36},"end":{"line":23,"column":89}},"7":{"start":{"line":24,"column":45},"end":{"line":26,"column":14}},"8":{"start":{"line":25,"column":16},"end":{"line":25,"column":66}},"9":{"start":{"line":28,"column":12},"end":{"line":28,"column":52}},"10":{"start":{"line":29,"column":12},"end":{"line":29,"column":57}},"11":{"start":{"line":30,"column":40},"end":{"line":30,"column":101}},"12":{"start":{"line":30,"column":73},"end":{"line":30,"column":99}},"13":{"start":{"line":31,"column":12},"end":{"line":31,"column":47}},"14":{"start":{"line":34,"column":12},"end":{"line":34,"column":41}},"15":{"start":{"line":35,"column":12},"end":{"line":35,"column":44}},"16":{"start":{"line":39,"column":8},"end":{"line":39,"column":26}},"17":{"start":{"line":45,"column":37},"end":{"line":45,"column":88}},"18":{"start":{"line":45,"column":59},"end":{"line":45,"column":87}},"19":{"start":{"line":46,"column":34},"end":{"line":46,"column":79}},"20":{"start":{"line":46,"column":56},"end":{"line":46,"column":78}},"21":{"start":{"line":47,"column":21},"end":{"line":47,"column":80}},"22":{"start":{"line":48,"column":28},"end":{"line":48,"column":84}},"23":{"start":{"line":49,"column":37},"end":{"line":51,"column":6}},"24":{"start":{"line":50,"column":8},"end":{"line":50,"column":58}},"25":{"start":{"line":52,"column":4},"end":{"line":52,"column":49}},"26":{"start":{"line":53,"column":32},"end":{"line":53,"column":93}},"27":{"start":{"line":53,"column":65},"end":{"line":53,"column":91}},"28":{"start":{"line":54,"column":4},"end":{"line":54,"column":59}},"29":{"start":{"line":60,"column":4},"end":{"line":73,"column":5}},"30":{"start":{"line":61,"column":23},"end":{"line":61,"column":127}},"31":{"start":{"line":62,"column":20},"end":{"line":62,"column":43}},"32":{"start":{"line":63,"column":23},"end":{"line":63,"column":78}},"33":{"start":{"line":64,"column":8},"end":{"line":68,"column":9}},"34":{"start":{"line":65,"column":37},"end":{"line":65,"column":118}},"35":{"start":{"line":65,"column":65},"end":{"line":65,"column":116}},"36":{"start":{"line":67,"column":12},"end":{"line":67,"column":35}},"37":{"start":{"line":69,"column":8},"end":{"line":69,"column":21}},"38":{"start":{"line":71,"column":8},"end":{"line":71,"column":26}},"39":{"start":{"line":72,"column":8},"end":{"line":72,"column":22}},"40":{"start":{"line":81,"column":4},"end":{"line":81,"column":52}},"41":{"start":{"line":82,"column":4},"end":{"line":82,"column":56}}},"fnMap":{"0":{"name":"getComment","decl":{"start":{"line":17,"column":17},"end":{"line":17,"column":27}},"loc":{"start":{"line":17,"column":61},"end":{"line":41,"column":1}},"line":17},"1":{"name":"(anonymous_1)","decl":{"start":{"line":24,"column":58},"end":{"line":24,"column":59}},"loc":{"start":{"line":24,"column":79},"end":{"line":26,"column":13}},"line":24},"2":{"name":"(anonymous_2)","decl":{"start":{"line":30,"column":68},"end":{"line":30,"column":69}},"loc":{"start":{"line":30,"column":73},"end":{"line":30,"column":99}},"line":30},"3":{"name":"getMoreComment","decl":{"start":{"line":44,"column":17},"end":{"line":44,"column":31}},"loc":{"start":{"line":44,"column":34},"end":{"line":57,"column":1}},"line":44},"4":{"name":"(anonymous_4)","decl":{"start":{"line":45,"column":50},"end":{"line":45,"column":51}},"loc":{"start":{"line":45,"column":59},"end":{"line":45,"column":87}},"line":45},"5":{"name":"(anonymous_5)","decl":{"start":{"line":46,"column":47},"end":{"line":46,"column":48}},"loc":{"start":{"line":46,"column":56},"end":{"line":46,"column":78}},"line":46},"6":{"name":"(anonymous_6)","decl":{"start":{"line":49,"column":50},"end":{"line":49,"column":51}},"loc":{"start":{"line":49,"column":71},"end":{"line":51,"column":5}},"line":49},"7":{"name":"(anonymous_7)","decl":{"start":{"line":53,"column":60},"end":{"line":53,"column":61}},"loc":{"start":{"line":53,"column":65},"end":{"line":53,"column":91}},"line":53},"8":{"name":"getCommentsDetail","decl":{"start":{"line":59,"column":17},"end":{"line":59,"column":34}},"loc":{"start":{"line":59,"column":58},"end":{"line":75,"column":1}},"line":59},"9":{"name":"(anonymous_9)","decl":{"start":{"line":65,"column":60},"end":{"line":65,"column":61}},"loc":{"start":{"line":65,"column":65},"end":{"line":65,"column":116}},"line":65},"10":{"name":"comments","decl":{"start":{"line":80,"column":17},"end":{"line":80,"column":25}},"loc":{"start":{"line":80,"column":28},"end":{"line":83,"column":1}},"line":80}},"branchMap":{"0":{"loc":{"start":{"line":20,"column":8},"end":{"line":36,"column":9}},"type":"if","locations":[{"start":{"line":20,"column":8},"end":{"line":36,"column":9}},{"start":{"line":33,"column":15},"end":{"line":36,"column":9}}],"line":20},"1":{"loc":{"start":{"line":64,"column":8},"end":{"line":68,"column":9}},"type":"if","locations":[{"start":{"line":64,"column":8},"end":{"line":68,"column":9}},{"start":{},"end":{}}],"line":64}},"s":{"0":2,"1":2,"2":0,"3":0,"4":0,"5":0,"6":0,"7":0,"8":0,"9":0,"10":0,"11":0,"12":0,"13":0,"14":0,"15":0,"16":0,"17":0,"18":0,"19":0,"20":0,"21":0,"22":0,"23":0,"24":0,"25":0,"26":0,"27":0,"28":0,"29":0,"30":0,"31":0,"32":0,"33":0,"34":0,"35":0,"36":0,"37":0,"38":0,"39":0,"40":2,"41":2},"f":{"0":0,"1":0,"2":0,"3":0,"4":0,"5":0,"6":0,"7":0,"8":0,"9":0,"10":2},"b":{"0":[0,0],"1":[0,0]},"_coverageSchema":"1a1c01bbd47fc00a2c39e90264f33305004495a9","hash":"30845395d1c562ab46144b1c5c90780164680e62"}
,"/Users/ooiyongtat/Documents/propGuruTest/HackerNews/src/saga/index.saga.ts": {"path":"/Users/ooiyongtat/Documents/propGuruTest/HackerNews/src/saga/index.saga.ts","statementMap":{"0":{"start":{"line":5,"column":4},"end":{"line":5,"column":37}}},"fnMap":{"0":{"name":"rootSaga","decl":{"start":{"line":4,"column":10},"end":{"line":4,"column":18}},"loc":{"start":{"line":4,"column":21},"end":{"line":6,"column":1}},"line":4}},"branchMap":{},"s":{"0":2},"f":{"0":2},"b":{},"_coverageSchema":"1a1c01bbd47fc00a2c39e90264f33305004495a9","hash":"f8a153f70ed56938431c09d257d2bcd571ec59d4"}
,"/Users/ooiyongtat/Documents/propGuruTest/HackerNews/src/saga/story.saga.ts": {"path":"/Users/ooiyongtat/Documents/propGuruTest/HackerNews/src/saga/story.saga.ts","statementMap":{"0":{"start":{"line":10,"column":33},"end":{"line":10,"column":73}},"1":{"start":{"line":11,"column":30},"end":{"line":11,"column":68}},"2":{"start":{"line":16,"column":4},"end":{"line":33,"column":5}},"3":{"start":{"line":17,"column":25},"end":{"line":17,"column":84}},"4":{"start":{"line":19,"column":24},"end":{"line":19,"column":65}},"5":{"start":{"line":20,"column":26},"end":{"line":20,"column":64}},"6":{"start":{"line":21,"column":37},"end":{"line":23,"column":10}},"7":{"start":{"line":22,"column":12},"end":{"line":22,"column":61}},"8":{"start":{"line":25,"column":8},"end":{"line":25,"column":44}},"9":{"start":{"line":26,"column":8},"end":{"line":26,"column":43}},"10":{"start":{"line":27,"column":8},"end":{"line":27,"column":45}},"11":{"start":{"line":29,"column":8},"end":{"line":29,"column":113}},"12":{"start":{"line":29,"column":39},"end":{"line":29,"column":110}},"13":{"start":{"line":32,"column":8},"end":{"line":32,"column":26}},"14":{"start":{"line":40,"column":4},"end":{"line":46,"column":5}},"15":{"start":{"line":41,"column":23},"end":{"line":41,"column":114}},"16":{"start":{"line":42,"column":8},"end":{"line":42,"column":62}},"17":{"start":{"line":50,"column":4},"end":{"line":65,"column":5}},"18":{"start":{"line":51,"column":41},"end":{"line":51,"column":90}},"19":{"start":{"line":51,"column":63},"end":{"line":51,"column":89}},"20":{"start":{"line":52,"column":37},"end":{"line":52,"column":79}},"21":{"start":{"line":52,"column":59},"end":{"line":52,"column":78}},"22":{"start":{"line":54,"column":24},"end":{"line":54,"column":75}},"23":{"start":{"line":55,"column":29},"end":{"line":55,"column":77}},"24":{"start":{"line":56,"column":37},"end":{"line":58,"column":10}},"25":{"start":{"line":57,"column":12},"end":{"line":57,"column":61}},"26":{"start":{"line":59,"column":8},"end":{"line":59,"column":62}},"27":{"start":{"line":60,"column":8},"end":{"line":60,"column":48}},"28":{"start":{"line":61,"column":8},"end":{"line":61,"column":113}},"29":{"start":{"line":61,"column":39},"end":{"line":61,"column":110}},"30":{"start":{"line":70,"column":4},"end":{"line":70,"column":56}},"31":{"start":{"line":71,"column":4},"end":{"line":71,"column":54}}},"fnMap":{"0":{"name":"getStoryIds","decl":{"start":{"line":15,"column":17},"end":{"line":15,"column":28}},"loc":{"start":{"line":15,"column":60},"end":{"line":34,"column":1}},"line":15},"1":{"name":"(anonymous_1)","decl":{"start":{"line":21,"column":49},"end":{"line":21,"column":50}},"loc":{"start":{"line":21,"column":68},"end":{"line":23,"column":9}},"line":21},"2":{"name":"(anonymous_2)","decl":{"start":{"line":29,"column":31},"end":{"line":29,"column":32}},"loc":{"start":{"line":29,"column":39},"end":{"line":29,"column":110}},"line":29},"3":{"name":"getItemsDetail","decl":{"start":{"line":39,"column":17},"end":{"line":39,"column":31}},"loc":{"start":{"line":39,"column":55},"end":{"line":47,"column":1}},"line":39},"4":{"name":"getNextItems","decl":{"start":{"line":49,"column":17},"end":{"line":49,"column":29}},"loc":{"start":{"line":49,"column":32},"end":{"line":66,"column":1}},"line":49},"5":{"name":"(anonymous_5)","decl":{"start":{"line":51,"column":54},"end":{"line":51,"column":55}},"loc":{"start":{"line":51,"column":63},"end":{"line":51,"column":89}},"line":51},"6":{"name":"(anonymous_6)","decl":{"start":{"line":52,"column":50},"end":{"line":52,"column":51}},"loc":{"start":{"line":52,"column":59},"end":{"line":52,"column":78}},"line":52},"7":{"name":"(anonymous_7)","decl":{"start":{"line":56,"column":49},"end":{"line":56,"column":50}},"loc":{"start":{"line":56,"column":68},"end":{"line":58,"column":9}},"line":56},"8":{"name":"(anonymous_8)","decl":{"start":{"line":61,"column":31},"end":{"line":61,"column":32}},"loc":{"start":{"line":61,"column":39},"end":{"line":61,"column":110}},"line":61},"9":{"name":"story","decl":{"start":{"line":69,"column":17},"end":{"line":69,"column":22}},"loc":{"start":{"line":69,"column":25},"end":{"line":73,"column":1}},"line":69}},"branchMap":{},"s":{"0":2,"1":2,"2":4,"3":4,"4":4,"5":4,"6":4,"7":14,"8":4,"9":4,"10":4,"11":4,"12":14,"13":0,"14":15,"15":15,"16":11,"17":1,"18":1,"19":1,"20":1,"21":1,"22":1,"23":1,"24":1,"25":0,"26":1,"27":1,"28":1,"29":0,"30":2,"31":2},"f":{"0":4,"1":14,"2":14,"3":15,"4":1,"5":1,"6":1,"7":0,"8":0,"9":2},"b":{},"_coverageSchema":"1a1c01bbd47fc00a2c39e90264f33305004495a9","hash":"200b5338c9280b9d963cd964ff98f92f6c6d687c"}
,"/Users/ooiyongtat/Documents/propGuruTest/HackerNews/src/screen/HomeScreen.tsx": {"path":"/Users/ooiyongtat/Documents/propGuruTest/HackerNews/src/screen/HomeScreen.tsx","statementMap":{"0":{"start":{"line":12,"column":21},"end":{"line":12,"column":37}},"1":{"start":{"line":13,"column":35},"end":{"line":13,"column":73}},"2":{"start":{"line":13,"column":61},"end":{"line":13,"column":72}},"3":{"start":{"line":14,"column":40},"end":{"line":14,"column":74}},"4":{"start":{"line":15,"column":4},"end":{"line":18,"column":20}},"5":{"start":{"line":16,"column":8},"end":{"line":16,"column":41}},"6":{"start":{"line":17,"column":8},"end":{"line":17,"column":47}},"7":{"start":{"line":20,"column":25},"end":{"line":20,"column":51}},"8":{"start":{"line":20,"column":40},"end":{"line":20,"column":51}},"9":{"start":{"line":21,"column":20},"end":{"line":23,"column":5}},"10":{"start":{"line":22,"column":8},"end":{"line":22,"column":26}},"11":{"start":{"line":25,"column":23},"end":{"line":27,"column":5}},"12":{"start":{"line":26,"column":8},"end":{"line":26,"column":34}},"13":{"start":{"line":29,"column":4},"end":{"line":60,"column":7}},"14":{"start":{"line":33,"column":16},"end":{"line":33,"column":55}},"15":{"start":{"line":36,"column":16},"end":{"line":36,"column":55}},"16":{"start":{"line":39,"column":16},"end":{"line":39,"column":56}},"17":{"start":{"line":46,"column":50},"end":{"line":47,"column":47}},"18":{"start":{"line":48,"column":34},"end":{"line":48,"column":41}},"19":{"start":{"line":54,"column":16},"end":{"line":54,"column":49}},"20":{"start":{"line":55,"column":16},"end":{"line":55,"column":55}}},"fnMap":{"0":{"name":"HomeScreen","decl":{"start":{"line":11,"column":16},"end":{"line":11,"column":26}},"loc":{"start":{"line":11,"column":29},"end":{"line":61,"column":1}},"line":11},"1":{"name":"(anonymous_1)","decl":{"start":{"line":13,"column":50},"end":{"line":13,"column":51}},"loc":{"start":{"line":13,"column":61},"end":{"line":13,"column":72}},"line":13},"2":{"name":"(anonymous_2)","decl":{"start":{"line":15,"column":14},"end":{"line":15,"column":15}},"loc":{"start":{"line":15,"column":20},"end":{"line":18,"column":5}},"line":15},"3":{"name":"(anonymous_3)","decl":{"start":{"line":20,"column":25},"end":{"line":20,"column":26}},"loc":{"start":{"line":20,"column":40},"end":{"line":20,"column":51}},"line":20},"4":{"name":"(anonymous_4)","decl":{"start":{"line":21,"column":20},"end":{"line":21,"column":21}},"loc":{"start":{"line":21,"column":50},"end":{"line":23,"column":5}},"line":21},"5":{"name":"(anonymous_5)","decl":{"start":{"line":25,"column":23},"end":{"line":25,"column":24}},"loc":{"start":{"line":25,"column":29},"end":{"line":27,"column":5}},"line":25},"6":{"name":"(anonymous_6)","decl":{"start":{"line":32,"column":74},"end":{"line":32,"column":75}},"loc":{"start":{"line":32,"column":80},"end":{"line":34,"column":13}},"line":32},"7":{"name":"(anonymous_7)","decl":{"start":{"line":35,"column":74},"end":{"line":35,"column":75}},"loc":{"start":{"line":35,"column":80},"end":{"line":37,"column":13}},"line":35},"8":{"name":"(anonymous_8)","decl":{"start":{"line":38,"column":76},"end":{"line":38,"column":77}},"loc":{"start":{"line":38,"column":82},"end":{"line":40,"column":13}},"line":38},"9":{"name":"(anonymous_9)","decl":{"start":{"line":46,"column":24},"end":{"line":46,"column":25}},"loc":{"start":{"line":46,"column":50},"end":{"line":47,"column":47}},"line":46},"10":{"name":"(anonymous_10)","decl":{"start":{"line":48,"column":26},"end":{"line":48,"column":27}},"loc":{"start":{"line":48,"column":34},"end":{"line":48,"column":41}},"line":48},"11":{"name":"(anonymous_11)","decl":{"start":{"line":53,"column":23},"end":{"line":53,"column":24}},"loc":{"start":{"line":53,"column":29},"end":{"line":56,"column":13}},"line":53}},"branchMap":{},"s":{"0":8,"1":7,"2":13,"3":7,"4":7,"5":2,"6":2,"7":7,"8":64,"9":7,"10":41,"11":7,"12":1,"13":7,"14":1,"15":1,"16":1,"17":24,"18":41,"19":0,"20":0},"f":{"0":8,"1":13,"2":2,"3":64,"4":41,"5":1,"6":1,"7":1,"8":1,"9":24,"10":41,"11":0},"b":{},"_coverageSchema":"1a1c01bbd47fc00a2c39e90264f33305004495a9","hash":"fb5e2f83c1153dc90c59fbff1ec25d6abb796faa"}
,"/Users/ooiyongtat/Documents/propGuruTest/HackerNews/src/utils/timeUtils.ts": {"path":"/Users/ooiyongtat/Documents/propGuruTest/HackerNews/src/utils/timeUtils.ts","statementMap":{"0":{"start":{"line":3,"column":23},"end":{"line":8,"column":1}},"1":{"start":{"line":4,"column":4},"end":{"line":6,"column":5}},"2":{"start":{"line":5,"column":8},"end":{"line":5,"column":17}},"3":{"start":{"line":7,"column":4},"end":{"line":7,"column":40}}},"fnMap":{"0":{"name":"(anonymous_0)","decl":{"start":{"line":3,"column":23},"end":{"line":3,"column":24}},"loc":{"start":{"line":3,"column":42},"end":{"line":8,"column":1}},"line":3}},"branchMap":{"0":{"loc":{"start":{"line":4,"column":4},"end":{"line":6,"column":5}},"type":"if","locations":[{"start":{"line":4,"column":4},"end":{"line":6,"column":5}},{"start":{},"end":{}}],"line":4}},"s":{"0":1,"1":3,"2":0,"3":3},"f":{"0":3},"b":{"0":[0,3]},"_coverageSchema":"1a1c01bbd47fc00a2c39e90264f33305004495a9","hash":"f122ad5b53417204ad79291d01f3f1a721decc3c"}
}
