TN:
SF:App.tsx
FN:23,(anonymous_0)
FNF:1
FNH:1
FNDA:1,(anonymous_0)
DA:23,1
DA:24,1
DA:26,1
DA:30,1
DA:41,1
LF:5
LH:5
BRDA:27,0,0,0
BRDA:27,0,1,1
BRDA:33,1,0,0
BRDA:33,1,1,1
BRF:4
BRH:2
end_of_record
TN:
SF:src/component/Divider.tsx
FN:4,Divider
FNF:1
FNH:1
FNDA:27,Divider
DA:5,27
LF:1
LH:1
BRF:0
BRH:0
end_of_record
TN:
SF:src/component/Header.tsx
FN:4,Header
FNF:1
FNH:1
FNDA:3,Header
DA:7,3
LF:1
LH:1
BRF:0
BRH:0
end_of_record
TN:
SF:src/component/story/StoryLoadingView.tsx
FN:7,StoryLoadingView
FNF:1
FNH:1
FNDA:24,StoryLoadingView
DA:9,24
LF:1
LH:1
BRF:0
BRH:0
end_of_record
TN:
SF:src/component/story/TopStoryView.tsx
FN:14,TopStoryView
FN:19,(anonymous_1)
FN:32,(anonymous_2)
FN:55,(anonymous_3)
FNF:4
FNH:2
FNDA:27,TopStoryView
FNDA:3,(anonymous_1)
FNDA:0,(anonymous_2)
FNDA:0,(anonymous_3)
DA:15,27
DA:16,24
DA:19,3
DA:20,3
DA:21,0
DA:23,3
DA:27,3
DA:28,1
DA:29,1
DA:33,0
DA:50,2
DA:51,1
DA:52,1
DA:56,0
DA:70,1
DA:71,1
LF:16
LH:13
BRDA:15,0,0,24
BRDA:15,0,1,3
BRDA:20,1,0,0
BRDA:20,1,1,3
BRDA:27,2,0,1
BRDA:27,2,1,2
BRDA:31,3,0,1
BRDA:31,3,1,0
BRDA:50,4,0,1
BRDA:50,4,1,1
BRDA:54,5,0,1
BRDA:54,5,1,0
BRDA:73,6,0,1
BRDA:73,6,1,0
BRF:14
BRH:10
end_of_record
TN:
SF:src/constant/setting.constant.ts
FNF:0
FNH:0
LF:0
LH:0
BRF:0
BRH:0
end_of_record
TN:
SF:src/constant/url.constant.ts
FNF:0
FNH:0
LF:0
LH:0
BRF:0
BRH:0
end_of_record
TN:
SF:src/interface/base.ts
FNF:0
FNH:0
LF:0
LH:0
BRF:0
BRH:0
end_of_record
TN:
SF:src/redux/homeReducer.ts
FN:16,(anonymous_0)
FN:17,(anonymous_1)
FN:18,(anonymous_2)
FN:19,(anonymous_3)
FN:27,(anonymous_4)
FNF:5
FNH:5
FNDA:4,(anonymous_0)
FNDA:3,(anonymous_1)
FNDA:10,(anonymous_2)
FNDA:50,(anonymous_3)
FNDA:3,(anonymous_4)
DA:6,3
DA:12,3
DA:16,4
DA:17,3
DA:19,10
DA:20,50
DA:21,0
DA:22,0
DA:24,50
DA:27,3
DA:32,3
LF:11
LH:9
BRDA:20,0,0,0
BRDA:20,0,1,50
BRF:2
BRH:1
end_of_record
TN:
SF:src/redux/store.ts
FN:16,(anonymous_0)
FN:27,(anonymous_1)
FNF:2
FNH:2
FNDA:3,(anonymous_0)
FNDA:9,(anonymous_1)
DA:9,3
DA:13,3
DA:14,3
DA:17,3
DA:20,3
DA:27,9
DA:28,3
LF:7
LH:7
BRF:0
BRH:0
end_of_record
TN:
SF:src/saga/index.saga.ts
FN:3,rootSaga
FNF:1
FNH:1
FNDA:3,rootSaga
DA:4,3
LF:1
LH:1
BRF:0
BRH:0
end_of_record
TN:
SF:src/saga/story.saga.ts
FN:14,getStoryIds
FN:20,(anonymous_1)
FN:27,(anonymous_2)
FN:35,getItemsDetail
FN:45,getNextItems
FN:47,(anonymous_5)
FN:48,(anonymous_6)
FN:52,(anonymous_7)
FN:57,(anonymous_8)
FN:65,story
FNF:10
FNH:8
FNDA:4,getStoryIds
FNDA:14,(anonymous_1)
FNDA:14,(anonymous_2)
FNDA:15,getItemsDetail
FNDA:1,getNextItems
FNDA:1,(anonymous_5)
FNDA:1,(anonymous_6)
FNDA:0,(anonymous_7)
FNDA:0,(anonymous_8)
FNDA:3,story
DA:9,3
DA:10,3
DA:15,4
DA:16,4
DA:18,4
DA:19,4
DA:20,4
DA:21,14
DA:24,4
DA:25,4
DA:26,4
DA:27,14
DA:30,0
DA:36,15
DA:37,15
DA:39,11
DA:46,1
DA:47,1
DA:48,1
DA:50,1
DA:51,1
DA:52,1
DA:53,0
DA:55,1
DA:56,1
DA:57,1
DA:66,3
DA:67,3
LF:28
LH:26
BRF:0
BRH:0
end_of_record
TN:
SF:src/screen/HomeScreen.tsx
FN:11,HomeScreen
FN:13,(anonymous_1)
FN:15,(anonymous_2)
FN:21,(anonymous_3)
FN:22,(anonymous_4)
FN:26,(anonymous_5)
FN:32,(anonymous_6)
FN:35,(anonymous_7)
FN:38,(anonymous_8)
FN:46,(anonymous_9)
FN:48,(anonymous_10)
FN:53,(anonymous_11)
FNF:12
FNH:11
FNDA:9,HomeScreen
FNDA:14,(anonymous_1)
FNDA:2,(anonymous_2)
FNDA:69,(anonymous_3)
FNDA:41,(anonymous_4)
FNDA:1,(anonymous_5)
FNDA:1,(anonymous_6)
FNDA:1,(anonymous_7)
FNDA:1,(anonymous_8)
FNDA:24,(anonymous_9)
FNDA:41,(anonymous_10)
FNDA:0,(anonymous_11)
DA:12,9
DA:13,14
DA:14,8
DA:15,8
DA:16,2
DA:17,2
DA:21,69
DA:22,8
DA:23,41
DA:26,8
DA:27,1
DA:30,8
DA:33,1
DA:36,1
DA:39,1
DA:46,24
DA:48,41
DA:54,0
DA:55,0
LF:19
LH:17
BRF:0
BRH:0
end_of_record
