TN:
SF:src/component/Divider.tsx
FN:4,Divider
FNF:1
FNH:1
FNDA:27,Divider
DA:5,27
LF:1
LH:1
BRF:0
BRH:0
end_of_record
TN:
SF:src/component/Header.tsx
FN:4,Header
FNF:1
FNH:1
FNDA:3,Header
DA:7,3
LF:1
LH:1
BRF:0
BRH:0
end_of_record
TN:
SF:src/component/story/PostItem.tsx
FN:10,PostItem
FN:22,(anonymous_1)
FN:35,(anonymous_2)
FNF:3
FNH:1
FNDA:3,PostItem
FNDA:0,(anonymous_1)
FNDA:0,(anonymous_2)
DA:12,3
DA:14,3
DA:15,0
DA:18,3
DA:23,0
DA:36,0
LF:6
LH:3
BRDA:14,0,0,0
BRDA:14,0,1,3
BRDA:21,1,0,3
BRDA:21,1,1,0
BRDA:22,2,0,3
BRDA:22,2,1,2
BRDA:35,3,0,3
BRDA:35,3,1,3
BRDA:40,4,0,3
BRDA:40,4,1,2
BRF:10
BRH:8
end_of_record
TN:
SF:src/component/story/StoryLoadingView.tsx
FN:7,StoryLoadingView
FNF:1
FNH:1
FNDA:24,StoryLoadingView
DA:9,24
LF:1
LH:1
BRF:0
BRH:0
end_of_record
TN:
SF:src/component/story/TopStoryView.tsx
FN:13,TopStoryView
FN:20,(anonymous_1)
FN:29,(anonymous_2)
FN:31,(anonymous_3)
FNF:4
FNH:2
FNDA:27,TopStoryView
FNDA:3,(anonymous_1)
FNDA:0,(anonymous_2)
FNDA:0,(anonymous_3)
DA:14,27
DA:15,24
DA:20,3
DA:21,3
DA:22,1
DA:25,2
DA:27,3
DA:28,3
DA:30,0
DA:32,0
LF:10
LH:8
BRDA:14,0,0,24
BRDA:14,0,1,3
BRDA:21,1,0,1
BRDA:21,1,1,2
BRF:4
BRH:4
end_of_record
TN:
SF:src/constant/setting.constant.ts
FNF:0
FNH:0
LF:0
LH:0
BRF:0
BRH:0
end_of_record
TN:
SF:src/constant/url.constant.ts
FNF:0
FNH:0
LF:0
LH:0
BRF:0
BRH:0
end_of_record
TN:
SF:src/interface/base.ts
FNF:0
FNH:0
LF:0
LH:0
BRF:0
BRH:0
end_of_record
TN:
SF:src/redux/detailReducer.ts
FN:19,(anonymous_0)
FN:20,(anonymous_1)
FN:21,(anonymous_2)
FN:22,(anonymous_3)
FNF:4
FNH:0
FNDA:0,(anonymous_0)
FNDA:0,(anonymous_1)
FNDA:0,(anonymous_2)
FNDA:0,(anonymous_3)
DA:10,2
DA:15,2
DA:19,0
DA:20,0
DA:22,0
DA:23,0
DA:24,0
DA:25,0
DA:27,0
DA:34,2
LF:10
LH:3
BRDA:23,0,0,0
BRDA:23,0,1,0
BRF:2
BRH:0
end_of_record
TN:
SF:src/redux/homeReducer.ts
FN:16,(anonymous_0)
FN:17,(anonymous_1)
FN:18,(anonymous_2)
FN:19,(anonymous_3)
FN:27,(anonymous_4)
FN:29,(anonymous_5)
FN:42,(anonymous_6)
FNF:7
FNH:5
FNDA:4,(anonymous_0)
FNDA:3,(anonymous_1)
FNDA:10,(anonymous_2)
FNDA:50,(anonymous_3)
FNDA:0,(anonymous_4)
FNDA:0,(anonymous_5)
FNDA:3,(anonymous_6)
DA:6,2
DA:12,2
DA:16,4
DA:17,3
DA:19,10
DA:20,50
DA:21,0
DA:22,0
DA:24,50
DA:29,0
DA:30,0
DA:33,0
DA:34,0
DA:36,0
DA:39,0
DA:42,3
DA:47,2
LF:17
LH:9
BRDA:20,0,0,0
BRDA:20,0,1,50
BRDA:30,1,0,0
BRDA:30,1,1,0
BRDA:33,2,0,0
BRDA:33,2,1,0
BRF:6
BRH:1
end_of_record
TN:
SF:src/redux/store.ts
FN:18,(anonymous_0)
FN:29,(anonymous_1)
FNF:2
FNH:2
FNDA:2,(anonymous_0)
FNDA:8,(anonymous_1)
DA:10,2
DA:15,2
DA:16,2
DA:19,2
DA:22,2
DA:29,8
DA:30,2
LF:7
LH:7
BRF:0
BRH:0
end_of_record
TN:
SF:src/saga/details.saga.ts
FN:17,getComment
FN:24,(anonymous_1)
FN:30,(anonymous_2)
FN:44,getMoreComment
FN:45,(anonymous_4)
FN:46,(anonymous_5)
FN:49,(anonymous_6)
FN:53,(anonymous_7)
FN:59,getCommentsDetail
FN:65,(anonymous_9)
FN:80,comments
FNF:11
FNH:1
FNDA:0,getComment
FNDA:0,(anonymous_1)
FNDA:0,(anonymous_2)
FNDA:0,getMoreComment
FNDA:0,(anonymous_4)
FNDA:0,(anonymous_5)
FNDA:0,(anonymous_6)
FNDA:0,(anonymous_7)
FNDA:0,getCommentsDetail
FNDA:0,(anonymous_9)
FNDA:2,comments
DA:11,2
DA:12,2
DA:18,0
DA:20,0
DA:21,0
DA:22,0
DA:23,0
DA:24,0
DA:25,0
DA:28,0
DA:29,0
DA:30,0
DA:31,0
DA:34,0
DA:35,0
DA:39,0
DA:45,0
DA:46,0
DA:47,0
DA:48,0
DA:49,0
DA:50,0
DA:52,0
DA:53,0
DA:54,0
DA:60,0
DA:61,0
DA:62,0
DA:63,0
DA:64,0
DA:65,0
DA:67,0
DA:69,0
DA:71,0
DA:72,0
DA:81,2
DA:82,2
LF:37
LH:4
BRDA:20,0,0,0
BRDA:20,0,1,0
BRDA:64,1,0,0
BRDA:64,1,1,0
BRF:4
BRH:0
end_of_record
TN:
SF:src/saga/index.saga.ts
FN:4,rootSaga
FNF:1
FNH:1
FNDA:2,rootSaga
DA:5,2
LF:1
LH:1
BRF:0
BRH:0
end_of_record
TN:
SF:src/saga/story.saga.ts
FN:15,getStoryIds
FN:21,(anonymous_1)
FN:29,(anonymous_2)
FN:39,getItemsDetail
FN:49,getNextItems
FN:51,(anonymous_5)
FN:52,(anonymous_6)
FN:56,(anonymous_7)
FN:61,(anonymous_8)
FN:69,story
FNF:10
FNH:8
FNDA:4,getStoryIds
FNDA:14,(anonymous_1)
FNDA:14,(anonymous_2)
FNDA:15,getItemsDetail
FNDA:1,getNextItems
FNDA:1,(anonymous_5)
FNDA:1,(anonymous_6)
FNDA:0,(anonymous_7)
FNDA:0,(anonymous_8)
FNDA:2,story
DA:10,2
DA:11,2
DA:16,4
DA:17,4
DA:19,4
DA:20,4
DA:21,4
DA:22,14
DA:25,4
DA:26,4
DA:27,4
DA:29,14
DA:32,0
DA:40,15
DA:41,15
DA:42,11
DA:50,1
DA:51,1
DA:52,1
DA:54,1
DA:55,1
DA:56,1
DA:57,0
DA:59,1
DA:60,1
DA:61,1
DA:70,2
DA:71,2
LF:28
LH:26
BRF:0
BRH:0
end_of_record
TN:
SF:src/screen/HomeScreen.tsx
FN:11,HomeScreen
FN:13,(anonymous_1)
FN:15,(anonymous_2)
FN:20,(anonymous_3)
FN:21,(anonymous_4)
FN:25,(anonymous_5)
FN:32,(anonymous_6)
FN:35,(anonymous_7)
FN:38,(anonymous_8)
FN:46,(anonymous_9)
FN:48,(anonymous_10)
FN:53,(anonymous_11)
FNF:12
FNH:11
FNDA:8,HomeScreen
FNDA:13,(anonymous_1)
FNDA:2,(anonymous_2)
FNDA:64,(anonymous_3)
FNDA:41,(anonymous_4)
FNDA:1,(anonymous_5)
FNDA:1,(anonymous_6)
FNDA:1,(anonymous_7)
FNDA:1,(anonymous_8)
FNDA:24,(anonymous_9)
FNDA:41,(anonymous_10)
FNDA:0,(anonymous_11)
DA:12,8
DA:13,13
DA:14,7
DA:15,7
DA:16,2
DA:17,2
DA:20,64
DA:21,7
DA:22,41
DA:25,7
DA:26,1
DA:29,7
DA:33,1
DA:36,1
DA:39,1
DA:46,24
DA:48,41
DA:54,0
DA:55,0
LF:19
LH:17
BRF:0
BRH:0
end_of_record
TN:
SF:src/utils/timeUtils.ts
FN:3,(anonymous_0)
FNF:1
FNH:1
FNDA:3,(anonymous_0)
DA:3,1
DA:4,3
DA:5,0
DA:7,3
LF:4
LH:3
BRDA:4,0,0,0
BRDA:4,0,1,3
BRF:2
BRH:1
end_of_record
